{
  "stats": {
    "suites": 1,
    "tests": 1,
    "passes": 1,
    "pending": 0,
    "failures": 0,
    "start": "2023-12-06T18:43:26.807Z",
    "end": "2023-12-06T18:43:35.750Z",
    "duration": 8943,
    "testsRegistered": 1,
    "passPercent": 100,
    "pendingPercent": 0,
    "other": 0,
    "hasOther": false,
    "skipped": 0,
    "hasSkipped": false
  },
  "results": [
    {
      "uuid": "ea5dd17b-e624-4965-ba10-aa64f3c02718",
      "title": "",
      "fullFile": "/Users/macbook/Desktop/selenium-js/test/login.spec.js",
      "file": "/test/login.spec.js",
      "beforeHooks": [],
      "afterHooks": [],
      "tests": [],
      "suites": [
        {
          "uuid": "550895d5-2b84-44f5-b490-15ba2442e563",
          "title": "Cerrar Sesion",
          "fullFile": "/Users/macbook/Desktop/selenium-js/test/login.spec.js",
          "file": "/test/login.spec.js",
          "beforeHooks": [],
          "afterHooks": [],
          "tests": [
            {
              "title": "Se cierra la sesion y se redirige a la pagina de inicio.",
              "fullTitle": "Cerrar Sesion Se cierra la sesion y se redirige a la pagina de inicio.",
              "timedOut": false,
              "duration": 8831,
              "state": "passed",
              "speed": "slow",
              "pass": true,
              "fail": false,
              "pending": false,
              "context": null,
              "code": "let driver = new Builder().forBrowser('chrome').build();\n await driver.get('http://127.0.0.1:5500/index.html')\n await driver.findElement(By.id('username')).sendKeys('PedroAdmin25*')\n await driver.findElement(By.id('password')).sendKeys('PedroAdmin25*');\n await driver.findElement(By.id('button')).click();\n await driver.get('http://127.0.0.1:5500/mainPage.html')\n await driver.wait(until.elementLocated(By.id('logout')), 3000);\n const screenshot = await driver.takeScreenshot();\n fs.writeFileSync('/Users/macbook/Desktop/selenium-js/screenshots/Cierre de sesion.png', screenshot, 'base64');\n console.log('Se realizo la captura con el nombre Cierre de sesion.');\n await driver.findElement(By.id('logout')).click();\n await driver.get('http://127.0.0.1:5500/index.html')\n await driver.wait(until.elementLocated(By.className('title')), 3000);\n const screenshot1 = await driver.takeScreenshot();\n fs.writeFileSync('/Users/macbook/Desktop/selenium-js/screenshots/Login Cierre manual.png', screenshot1, 'base64');\n console.log('Se realizo la captura con el nombre login cierre manual.');\n     await driver.quit();",
              "err": {},
              "uuid": "b6a6bcba-af12-431b-aba6-ce4a78f06a73",
              "parentUUID": "550895d5-2b84-44f5-b490-15ba2442e563",
              "isHook": false,
              "skipped": false
            }
          ],
          "suites": [],
          "passes": [
            "b6a6bcba-af12-431b-aba6-ce4a78f06a73"
          ],
          "failures": [],
          "pending": [],
          "skipped": [],
          "duration": 8831,
          "root": false,
          "rootEmpty": false,
          "_timeout": 0
        }
      ],
      "passes": [],
      "failures": [],
      "pending": [],
      "skipped": [],
      "duration": 0,
      "root": true,
      "rootEmpty": true,
      "_timeout": 0
    }
  ],
  "meta": {
    "mocha": {
      "version": "10.2.0"
    },
    "mochawesome": {
      "options": {
        "quiet": false,
        "reportFilename": "mochawesome",
        "saveHtml": true,
        "saveJson": true,
        "consoleReporter": "spec",
        "useInlineDiffs": false,
        "code": true
      },
      "version": "7.1.3"
    },
    "marge": {
      "options": null,
      "version": "6.2.0"
    }
  }
}